<?xml version="1.0" encoding="UTF-8"?>
<!-- Generated by org.testng.reporters.JUnitReportReporter -->
<testsuite skipped="0" hostname="xyz-PC" name="testCases.TC_reqres_API" tests="5" failures="0" timestamp="13 Jul 2021 05:46:14 GMT" time="20.056" errors="0">
  <testcase name="test_getUsers" time="16.588" classname="testCases.TC_reqres_API"/>
  <testcase name="test_addUser" time="2.147" classname="testCases.TC_reqres_API"/>
  <testcase name="test_getUser" time="0.255" classname="testCases.TC_reqres_API"/>
  <testcase name="test_UpdateUserDetails" time="0.507" classname="testCases.TC_reqres_API"/>
  <testcase name="test_DeleteUser" time="0.559" classname="testCases.TC_reqres_API"/>
</testsuite> <!-- testCases.TC_reqres_API -->
