<?xml version="1.0" encoding="UTF-8"?>
<!-- Generated by org.testng.reporters.JUnitReportReporter -->
<testsuite skipped="0" hostname="xyz-PC" name="testCases.TC_Book_Store_API" tests="1" failures="0" timestamp="09 Jul 2021 05:30:39 GMT" time="13.708" errors="0">
  <testcase name="test_getAllBooks" time="13.708" classname="testCases.TC_Book_Store_API"/>
</testsuite> <!-- testCases.TC_Book_Store_API -->
