<?xml version="1.0" encoding="UTF-8"?>
<!-- Generated by org.testng.reporters.JUnitReportReporter -->
<testsuite skipped="0" hostname="xyz-PC" name="testCases.TC_VideoGameAPI" tests="1" failures="0" timestamp="06 Jul 2021 03:29:25 GMT" time="4.866" errors="0">
  <testcase name="test_getAllBooks" time="4.866" classname="testCases.TC_VideoGameAPI"/>
</testsuite> <!-- testCases.TC_VideoGameAPI -->
