<?xml version="1.0" encoding="UTF-8"?>
<!-- Generated by org.testng.reporters.JUnitReportReporter -->
<testsuite skipped="0" hostname="xyz-PC" name="testCases.TC_reqres_API" tests="5" failures="0" timestamp="13 Jul 2021 06:27:14 GMT" time="24.057" errors="0">
  <testcase name="test_getUsers" time="19.100" classname="testCases.TC_reqres_API"/>
  <testcase name="test_addUser" time="2.978" classname="testCases.TC_reqres_API"/>
  <testcase name="test_getUser" time="0.391" classname="testCases.TC_reqres_API"/>
  <testcase name="test_UpdateUserDetails" time="0.867" classname="testCases.TC_reqres_API"/>
  <testcase name="test_DeleteUser" time="0.721" classname="testCases.TC_reqres_API"/>
</testsuite> <!-- testCases.TC_reqres_API -->
